14:16:10: Creating resource group General
14:16:10: Creating resource group Internal
14:16:10: Creating resource group Autodetect
14:16:10: SceneManagerFactory for type 'DefaultSceneManager' registered.
14:16:10: Registering ResourceManager for type Material
14:16:10: Registering ResourceManager for type Mesh
14:16:10: Registering ResourceManager for type Skeleton
14:16:10: MovableObjectFactory for type 'ParticleSystem' registered.
14:16:10: OverlayElementFactory for type Panel registered.
14:16:10: OverlayElementFactory for type BorderPanel registered.
14:16:10: OverlayElementFactory for type TextArea registered.
14:16:10: Registering ResourceManager for type Font
14:16:10: ArchiveFactory for archive type FileSystem registered.
14:16:10: ArchiveFactory for archive type Zip registered.
14:16:10: DDS codec registering
14:16:10: FreeImage version: 3.13.1
14:16:10: This program uses FreeImage, a free, open source image library supporting all common bitmap formats. See http://freeimage.sourceforge.net for details
14:16:10: Supported formats: bmp,ico,jpg,jif,jpeg,jpe,jng,koa,iff,lbm,mng,pbm,pbm,pcd,pcx,pgm,pgm,png,ppm,ppm,ras,tga,targa,tif,tiff,wap,wbmp,wbm,psd,cut,xbm,xpm,gif,hdr,g3,sgi,exr,j2k,j2c,jp2,pfm,pct,pict,pic,bay,bmq,cr2,crw,cs1,dc2,dcr,dng,erf,fff,hdr,k25,kdc,mdc,mos,mrw,nef,orf,pef,pxn,raf,raw,rdc,sr2,srf,arw,3fr,cine,ia,kc2,mef,nrw,qtk,rw2,sti,drf,dsc,ptx,cap,iiq,rwz
14:16:10: PVRTC codec registering
14:16:10: Registering ResourceManager for type HighLevelGpuProgram
14:16:10: Registering ResourceManager for type Compositor
14:16:10: MovableObjectFactory for type 'Entity' registered.
14:16:10: MovableObjectFactory for type 'Light' registered.
14:16:10: MovableObjectFactory for type 'BillboardSet' registered.
14:16:10: MovableObjectFactory for type 'ManualObject' registered.
14:16:10: MovableObjectFactory for type 'BillboardChain' registered.
14:16:10: MovableObjectFactory for type 'RibbonTrail' registered.
14:16:10: Loading library .\RenderSystem_Direct3D9
14:16:10: Installing plugin: D3D9 RenderSystem
14:16:10: D3D9 : Direct3D9 Rendering Subsystem created.
14:16:10: D3D9: Driver Detection Starts
14:16:10: D3D9: Driver Detection Ends
14:16:10: Plugin successfully installed
14:16:10: Loading library .\RenderSystem_GL
14:16:10: Installing plugin: GL RenderSystem
14:16:10: OpenGL Rendering Subsystem created.
14:16:11: Plugin successfully installed
14:16:11: Loading library .\Plugin_OctreeSceneManager
14:16:11: Installing plugin: Octree & Terrain Scene Manager
14:16:11: Plugin successfully installed
14:16:11: *-*-* OGRE Initialising
14:16:11: *-*-* Version 1.7.1 (Cthugha)
14:16:11: D3D9 : RenderSystem Option: Allow NVPerfHUD = No
14:16:11: D3D9 : RenderSystem Option: FSAA = 0
14:16:11: D3D9 : RenderSystem Option: Floating-point mode = Fastest
14:16:11: D3D9 : RenderSystem Option: Full Screen = No
14:16:11: D3D9 : RenderSystem Option: Rendering Device = Monitor-1-NVIDIA Quadro K2000
14:16:11: D3D9 : RenderSystem Option: Resource Creation Policy = Create on all devices
14:16:11: D3D9 : RenderSystem Option: VSync = No
14:16:11: D3D9 : RenderSystem Option: VSync Interval = 1
14:16:11: D3D9 : RenderSystem Option: Video Mode = 800 x 600 @ 32-bit colour
14:16:11: D3D9 : RenderSystem Option: sRGB Gamma Conversion = No
14:16:14: CPU Identifier & Features
14:16:14: -------------------------
14:16:14:  *   CPU ID: GenuineIntel: Intel(R) Xeon(R) CPU E3-1240 v3 @ 3.40GHz
14:16:14:  *      SSE: yes
14:16:14:  *     SSE2: yes
14:16:14:  *     SSE3: yes
14:16:14:  *      MMX: yes
14:16:14:  *   MMXEXT: yes
14:16:14:  *    3DNOW: no
14:16:14:  * 3DNOWEXT: no
14:16:14:  *     CMOV: yes
14:16:14:  *      TSC: yes
14:16:14:  *      FPU: yes
14:16:14:  *      PRO: yes
14:16:14:  *       HT: no
14:16:14: -------------------------
14:16:14: D3D9 : Subsystem Initialising
14:16:14: Registering ResourceManager for type Texture
14:16:14: Registering ResourceManager for type GpuProgram
14:16:14: D3D9RenderSystem::_createRenderWindow "TutorialApplication Render Window", 800x600 windowed  miscParams: FSAA=0 FSAAHint= colourDepth=32 gamma=false monitorIndex=0 useNVPerfHUD=false vsync=false vsyncInterval=1 
14:16:14: D3D9 : Created D3D9 Rendering Window 'TutorialApplication Render Window' : 800x600, 32bpp
14:16:14: D3D9 : WARNING - disabling VSync in windowed mode can cause timing issues at lower frame rates, turn VSync on if you observe this problem.
14:16:14: D3D9: Vertex texture format supported - PF_A8R8G8B8
14:16:14: D3D9: Vertex texture format supported - PF_B8G8R8A8
14:16:14: D3D9: Vertex texture format supported - PF_FLOAT16_RGB
14:16:14: D3D9: Vertex texture format supported - PF_FLOAT16_RGBA
14:16:14: D3D9: Vertex texture format supported - PF_FLOAT32_RGB
14:16:14: D3D9: Vertex texture format supported - PF_FLOAT32_RGBA
14:16:14: D3D9: Vertex texture format supported - PF_R8G8B8A8
14:16:14: D3D9: Vertex texture format supported - PF_DEPTH
14:16:14: D3D9: Vertex texture format supported - PF_FLOAT16_R
14:16:14: D3D9: Vertex texture format supported - PF_FLOAT32_R
14:16:14: D3D9: Vertex texture format supported - PF_FLOAT16_GR
14:16:14: D3D9: Vertex texture format supported - PF_FLOAT32_GR
14:16:14: D3D9: Vertex texture format supported - PF_PVRTC_RGB2
14:16:14: D3D9: Vertex texture format supported - PF_PVRTC_RGBA2
14:16:14: D3D9: Vertex texture format supported - PF_PVRTC_RGB4
14:16:14: D3D9: Vertex texture format supported - PF_PVRTC_RGBA4
14:16:14: RenderSystem capabilities
14:16:14: -------------------------
14:16:14: RenderSystem Name: Direct3D9 Rendering Subsystem
14:16:14: GPU Vendor: nvidia
14:16:14: Device Name: Monitor-1-NVIDIA Quadro K2000
14:16:14: Driver Version: 10.18.13.5390
14:16:14:  * Fixed function pipeline: yes
14:16:14:  * Hardware generation of mipmaps: yes
14:16:14:  * Texture blending: yes
14:16:14:  * Anisotropic texture filtering: yes
14:16:14:  * Dot product texture operation: yes
14:16:14:  * Cube mapping: yes
14:16:14:  * Hardware stencil buffer: yes
14:16:14:    - Stencil depth: 8
14:16:14:    - Two sided stencil support: yes
14:16:14:    - Wrap stencil values: yes
14:16:14:  * Hardware vertex / index buffers: yes
14:16:14:  * Vertex programs: yes
14:16:14:  * Number of floating-point constants for vertex programs: 256
14:16:14:  * Number of integer constants for vertex programs: 16
14:16:14:  * Number of boolean constants for vertex programs: 16
14:16:14:  * Fragment programs: yes
14:16:14:  * Number of floating-point constants for fragment programs: 224
14:16:14:  * Number of integer constants for fragment programs: 16
14:16:14:  * Number of boolean constants for fragment programs: 16
14:16:14:  * Geometry programs: no
14:16:14:  * Number of floating-point constants for geometry programs: 0
14:16:14:  * Number of integer constants for geometry programs: 0
14:16:14:  * Number of boolean constants for geometry programs: 0
14:16:14:  * Supported Shader Profiles: hlsl ps_1_1 ps_1_2 ps_1_3 ps_1_4 ps_2_0 ps_2_a ps_2_b ps_2_x ps_3_0 vs_1_1 vs_2_0 vs_2_a vs_2_x vs_3_0
14:16:14:  * Texture Compression: yes
14:16:14:    - DXT: yes
14:16:14:    - VTC: no
14:16:14:    - PVRTC: no
14:16:14:  * Scissor Rectangle: yes
14:16:14:  * Hardware Occlusion Query: yes
14:16:14:  * User clip planes: yes
14:16:14:  * VET_UBYTE4 vertex element type: yes
14:16:14:  * Infinite far plane projection: yes
14:16:14:  * Hardware render-to-texture: yes
14:16:14:  * Floating point textures: yes
14:16:14:  * Non-power-of-two textures: yes
14:16:14:  * Volume textures: yes
14:16:14:  * Multiple Render Targets: 4
14:16:14:    - With different bit depths: yes
14:16:14:  * Point Sprites: yes
14:16:14:  * Extended point parameters: yes
14:16:14:  * Max Point Size: 10
14:16:14:  * Vertex texture fetch: yes
14:16:14:  * Number of world matrices: 0
14:16:14:  * Number of texture units: 8
14:16:14:  * Stencil buffer depth: 8
14:16:14:  * Number of vertex blend matrices: 0
14:16:14:    - Max vertex textures: 4
14:16:14:    - Vertex textures shared: no
14:16:14:  * Render to Vertex Buffer : no
14:16:14:  * DirectX per stage constants: yes
14:16:14: ***************************************
14:16:14: *** D3D9 : Subsystem Initialised OK ***
14:16:14: ***************************************
14:16:14: DefaultWorkQueue('Root') initialising on thread main.
14:16:14: Particle Renderer Type 'billboard' registered
14:16:14: SceneManagerFactory for type 'OctreeSceneManager' registered.
14:16:14: SceneManagerFactory for type 'TerrainSceneManager' registered.
14:16:15: Creating resource group Bootstrap
14:16:15: Added resource location '../../Media/packs/OgreCore.zip' of type 'Zip' to resource group 'Bootstrap'
14:16:15: Added resource location '../../Media' of type 'FileSystem' to resource group 'General'
14:16:15: Added resource location '../../Media/fonts' of type 'FileSystem' to resource group 'General'
14:16:15: Added resource location '../../Media/materials/programs' of type 'FileSystem' to resource group 'General'
14:16:15: Added resource location '../../Media/materials/scripts' of type 'FileSystem' to resource group 'General'
14:16:15: Added resource location '../../Media/materials/textures' of type 'FileSystem' to resource group 'General'
14:16:15: Added resource location '../../Media/models' of type 'FileSystem' to resource group 'General'
14:16:15: Added resource location '../../Media/packs/cubemap.zip' of type 'Zip' to resource group 'General'
14:16:15: Added resource location '../../Media/packs/skybox.zip' of type 'Zip' to resource group 'General'
14:16:15: Parsing scripts for resource group Autodetect
14:16:15: Finished parsing scripts for resource group Autodetect
14:16:15: Parsing scripts for resource group Bootstrap
14:16:15: Parsing script OgreCore.material
14:16:15: Parsing script OgreProfiler.material
14:16:15: Parsing script Ogre.fontdef
14:16:15: Parsing script OgreDebugPanel.overlay
14:16:15: Texture: New_Ogre_Border_Center.png: Loading 1 faces(PF_A8R8G8B8,256x128x1) with  hardware generated mipmaps from Image. Internal format is PF_A8R8G8B8,256x128x1.
14:16:15: Texture: New_Ogre_Border.png: Loading 1 faces(PF_A8R8G8B8,256x256x1) with  hardware generated mipmaps from Image. Internal format is PF_A8R8G8B8,256x256x1.
14:16:15: Texture: New_Ogre_Border_Break.png: Loading 1 faces(PF_A8R8G8B8,32x32x1) with  hardware generated mipmaps from Image. Internal format is PF_A8R8G8B8,32x32x1.
14:16:15: Texture: ogretext.png: Loading 1 faces(PF_A8R8G8B8,256x128x1) with  hardware generated mipmaps from Image. Internal format is PF_A8R8G8B8,256x128x1.
14:16:15: Parsing script OgreLoadingPanel.overlay
14:16:15: Finished parsing scripts for resource group Bootstrap
14:16:15: Parsing scripts for resource group General
14:16:15: Parsing script Heart.material
14:16:15: Parsing script GameInterface.material
14:16:15: Parsing script red.material
14:16:15: Parsing script yellow.material
14:16:15: Parsing script GameInterface.material
14:16:15: Parsing script Bomb.material
14:16:15: Parsing script PowerCells.material
14:16:15: Parsing script shieldpickup.material
14:16:15: Parsing script blue.material
14:16:15: Parsing script Gem.material
14:16:15: Parsing script Ground.material
14:16:15: Parsing script Heart.material
14:16:15: Parsing script BombDropperGun.material
14:16:15: Parsing script Example.material
14:16:15: Compiler error: reference to a non existing object in Example.material(211)
14:16:15: Compiler error: reference to a non existing object in Example.material(697)
14:16:15: Compiler error: reference to a non existing object in Example.material(709)
14:16:15: Compiler error: reference to a non existing object in Example.material(844)
14:16:15: Compiler error: reference to a non existing object in Example.material(879)
14:16:15: Compiler error: reference to a non existing object in Example.material(987)
14:16:15: Compiler error: reference to a non existing object in Example.material(992)
14:16:15: Parsing script red.material
14:16:15: Parsing script Main.material
14:16:15: Parsing script Sphere.material
14:16:15: Parsing script Sky.material
14:16:15: Parsing script CannonGun.material
14:16:15: Parsing script clockPickup.material
14:16:15: Parsing script GameInterface.overlay
14:16:15: Texture: RedGradient.png: Loading 1 faces(PF_A8R8G8B8,944x704x1) with 5 generated mipmaps from Image. Internal format is PF_A8R8G8B8,944x704x1.
14:16:15: Texture: BlueGradient.png: Loading 1 faces(PF_A8R8G8B8,944x704x1) with 5 generated mipmaps from Image. Internal format is PF_A8R8G8B8,944x704x1.
14:16:15: Finished parsing scripts for resource group General
14:16:15: Parsing scripts for resource group Internal
14:16:15: Finished parsing scripts for resource group Internal
14:16:15: Mesh: Loading PowerCells.mesh.
14:16:15: Mesh: Loading Main.mesh.
14:16:15: Texture: r2skin.jpg: Loading 1 faces(PF_R8G8B8,512x512x1) with  hardware generated mipmaps from Image. Internal format is PF_X8R8G8B8,512x512x1.
14:16:15: Mesh: Loading Sphere.mesh.
14:16:15: Texture: Dirt.jpg: Loading 1 faces(PF_R8G8B8,256x256x1) with  hardware generated mipmaps from Image. Internal format is PF_X8R8G8B8,256x256x1.
14:16:15: Can't assign material void to SubEntity of maualObjQuad because this Material does not exist. Have you forgotten to define it in a .material script?
14:16:15: Texture: clouds.jpg: Loading 1 faces(PF_R8G8B8,256x256x1) with  hardware generated mipmaps from Image. Internal format is PF_X8R8G8B8,256x256x1.
14:16:15: *** Initializing OIS ***
14:16:15: Mesh: Loading Heart.mesh.
14:16:15: Can't assign material 01-Default to SubEntity of Ogre/MO6 because this Material does not exist. Have you forgotten to define it in a .material script?
14:16:15: Can't assign material 01-Default to SubEntity of Ogre/MO7 because this Material does not exist. Have you forgotten to define it in a .material script?
14:16:15: Can't assign material 01-Default to SubEntity of Ogre/MO8 because this Material does not exist. Have you forgotten to define it in a .material script?
14:16:15: Mesh: Loading Gem.mesh.
14:16:15: Texture: red.png: Loading 1 faces(PF_R8G8B8,128x128x1) with  hardware generated mipmaps from Image. Internal format is PF_X8R8G8B8,128x128x1.
14:16:15: Texture: yellow.png: Loading 1 faces(PF_A8R8G8B8,800x600x1) with 5 generated mipmaps from Image. Internal format is PF_A8R8G8B8,800x600x1.
14:16:15: Texture: blue.png: Loading 1 faces(PF_A8R8G8B8,489x261x1) with 5 generated mipmaps from Image. Internal format is PF_A8R8G8B8,489x261x1.
14:16:15: Mesh: Loading Watch.mesh.
14:16:15: OGRE EXCEPTION(6:FileNotFoundException): Cannot locate resource MtlPlat2.jpg in resource group General or any other group. in ResourceGroupManager::openResource at ..\..\ogre\OgreMain\src\OgreResourceGroupManager.cpp (line 753)
14:16:15: Error loading texture MtlPlat2.jpg. Texture layer will be blank. Loading the texture failed with the following exception: OGRE EXCEPTION(6:FileNotFoundException): Cannot locate resource MtlPlat2.jpg in resource group General or any other group. in ResourceGroupManager::openResource at ..\..\ogre\OgreMain\src\OgreResourceGroupManager.cpp (line 753)
14:16:15: Can't assign material 3 to SubEntity of Ogre/MO22 because this Material does not exist. Have you forgotten to define it in a .material script?
14:16:15: Can't assign material 1 to SubEntity of Ogre/MO22 because this Material does not exist. Have you forgotten to define it in a .material script?
14:16:15: Can't assign material 1 to SubEntity of Ogre/MO22 because this Material does not exist. Have you forgotten to define it in a .material script?
14:16:15: *** Initializing OIS ***
14:16:16: Texture: spot_shadow_fade.png: Loading 1 faces(PF_R8G8B8,128x128x1) with  hardware generated mipmaps from Image. Internal format is PF_X8R8G8B8,128x128x1.
14:16:16: Font BlueHighwayusing texture size 512x512
14:16:16: Info: Freetype returned null for character 127 in font BlueHighway
14:16:16: Info: Freetype returned null for character 128 in font BlueHighway
14:16:16: Info: Freetype returned null for character 129 in font BlueHighway
14:16:16: Info: Freetype returned null for character 130 in font BlueHighway
14:16:16: Info: Freetype returned null for character 131 in font BlueHighway
14:16:16: Info: Freetype returned null for character 132 in font BlueHighway
14:16:16: Info: Freetype returned null for character 133 in font BlueHighway
14:16:16: Info: Freetype returned null for character 134 in font BlueHighway
14:16:16: Info: Freetype returned null for character 135 in font BlueHighway
14:16:16: Info: Freetype returned null for character 136 in font BlueHighway
14:16:16: Info: Freetype returned null for character 137 in font BlueHighway
14:16:16: Info: Freetype returned null for character 138 in font BlueHighway
14:16:16: Info: Freetype returned null for character 139 in font BlueHighway
14:16:16: Info: Freetype returned null for character 140 in font BlueHighway
14:16:16: Info: Freetype returned null for character 141 in font BlueHighway
14:16:16: Info: Freetype returned null for character 142 in font BlueHighway
14:16:16: Info: Freetype returned null for character 143 in font BlueHighway
14:16:16: Info: Freetype returned null for character 144 in font BlueHighway
14:16:16: Info: Freetype returned null for character 145 in font BlueHighway
14:16:16: Info: Freetype returned null for character 146 in font BlueHighway
14:16:16: Info: Freetype returned null for character 147 in font BlueHighway
14:16:16: Info: Freetype returned null for character 148 in font BlueHighway
14:16:16: Info: Freetype returned null for character 149 in font BlueHighway
14:16:16: Info: Freetype returned null for character 150 in font BlueHighway
14:16:16: Info: Freetype returned null for character 151 in font BlueHighway
14:16:16: Info: Freetype returned null for character 152 in font BlueHighway
14:16:16: Info: Freetype returned null for character 153 in font BlueHighway
14:16:16: Info: Freetype returned null for character 154 in font BlueHighway
14:16:16: Info: Freetype returned null for character 155 in font BlueHighway
14:16:16: Info: Freetype returned null for character 156 in font BlueHighway
14:16:16: Info: Freetype returned null for character 157 in font BlueHighway
14:16:16: Info: Freetype returned null for character 158 in font BlueHighway
14:16:16: Info: Freetype returned null for character 159 in font BlueHighway
14:16:16: Info: Freetype returned null for character 160 in font BlueHighway
14:16:16: Texture: BlueHighwayTexture: Loading 1 faces(PF_BYTE_LA,512x512x1) with 0 generated mipmaps from Image. Internal format is PF_BYTE_LA,512x512x1.
14:16:32: Can't assign material 3 to SubEntity of Ogre/MO33 because this Material does not exist. Have you forgotten to define it in a .material script?
14:16:32: Can't assign material 1 to SubEntity of Ogre/MO33 because this Material does not exist. Have you forgotten to define it in a .material script?
14:16:32: Can't assign material 1 to SubEntity of Ogre/MO33 because this Material does not exist. Have you forgotten to define it in a .material script?
14:16:32: Can't assign material 01-Default to SubEntity of Ogre/MO34 because this Material does not exist. Have you forgotten to define it in a .material script?
14:16:32: Mesh: Loading BombDropperGun.mesh.
14:16:32: Mesh: Loading CannonGun.mesh.
14:16:37: Can't assign material 01-Default to SubEntity of Ogre/MO37 because this Material does not exist. Have you forgotten to define it in a .material script?
14:16:47: Mesh: Loading robot.mesh.
14:16:47: Skeleton: Loading robot.skeleton
14:16:47: WARNING: robot.mesh is an older format ([MeshSerializer_v1.40]); you should upgrade it as soon as possible using the OgreMeshUpgrade tool.
14:16:47: Mesh: Loading shield.mesh.
14:16:47: Can't assign material NoMaterial to SubEntity of Ogre/MO55 because this Material does not exist. Have you forgotten to define it in a .material script?
14:16:47: OGRE EXCEPTION(6:FileNotFoundException): Cannot locate resource metal_4.jpg in resource group General or any other group. in ResourceGroupManager::openResource at ..\..\ogre\OgreMain\src\OgreResourceGroupManager.cpp (line 753)
14:16:47: Error loading texture metal_4.jpg. Texture layer will be blank. Loading the texture failed with the following exception: OGRE EXCEPTION(6:FileNotFoundException): Cannot locate resource metal_4.jpg in resource group General or any other group. in ResourceGroupManager::openResource at ..\..\ogre\OgreMain\src\OgreResourceGroupManager.cpp (line 753)
14:18:33: DefaultWorkQueue('Root') shutting down on thread main.
14:18:33: *-*-* OGRE Shutdown
14:18:33: Unregistering ResourceManager for type Compositor
14:18:33: Unregistering ResourceManager for type Font
14:18:33: Unregistering ResourceManager for type Skeleton
14:18:33: Unregistering ResourceManager for type Mesh
14:18:33: Unregistering ResourceManager for type HighLevelGpuProgram
14:18:33: Uninstalling plugin: Octree & Terrain Scene Manager
14:18:33: Plugin successfully uninstalled
14:18:33: Unloading library .\Plugin_OctreeSceneManager
14:18:33: Uninstalling plugin: GL RenderSystem
14:18:33: *** Stopping Win32GL Subsystem ***
14:18:33: Plugin successfully uninstalled
14:18:33: Unloading library .\RenderSystem_GL
14:18:33: Uninstalling plugin: D3D9 RenderSystem
14:18:33: D3D9 : Shutting down cleanly.
14:18:33: Unregistering ResourceManager for type Texture
14:18:33: Unregistering ResourceManager for type GpuProgram
14:18:33: D3D9 : Direct3D9 Rendering Subsystem destroyed.
14:18:33: Plugin successfully uninstalled
14:18:33: Unloading library .\RenderSystem_Direct3D9
14:18:33: Unregistering ResourceManager for type Material
